>>>>>>>>>>>>>>>>>> Load world: BARN/world_0.world <<<<<<<<<<<<<<<<<<
INFO: cannot create a symlink to latest log directory: [Errno 2] No such file or directory: '/home/gymkhana/.ros/log/latest'
[31mWARNING: disk usage in log directory [/home/gymkhana/.ros/log] is over 1GB.
It's recommended that you use the 'rosclean' command.[0m
xacro: in-order processing became default in ROS Melodic. You can drop the option.
the rosdep view is empty: call 'sudo rosdep init' and 'rosdep update'
[0m[ INFO] [1775605119.918606540]: Finished loading Gazebo ROS API Plugin.[0m
[0m[ INFO] [1775605119.920702391]: waitForService: Service [/gazebo/set_physics_properties] has not been advertised, waiting...[0m
Couldn't find a preferred IP via the getifaddrs() call; I'm assuming that your IP address is 127.0.0.1.  This should work for local processes, but will almost certainly not work if you have remote processes.Report to the disc-zmq development team to seek a fix.
Couldn't find a preferred IP via the getifaddrs() call; I'm assuming that your IP address is 127.0.0.1.  This should work for local processes, but will almost certainly not work if you have remote processes.Report to the disc-zmq development team to seek a fix.
Couldn't find a preferred IP via the getifaddrs() call; I'm assuming that your IP address is 127.0.0.1.  This should work for local processes, but will almost certainly not work if you have remote processes.Report to the disc-zmq development team to seek a fix.
Couldn't find a preferred IP via the getifaddrs() call; I'm assuming that your IP address is 127.0.0.1.  This should work for local processes, but will almost certainly not work if you have remote processes.Report to the disc-zmq development team to seek a fix.
xcb_connection_has_error() returned true
Failed to create secure directory (/run/user/1000/pulse): No such file or directory
ALSA lib pcm_dmix.c:1052:(snd_pcm_dmix_open) unable to open slave
AL lib: (EE) ALCplaybackAlsa_open: Could not open playback device 'default': No such file or directory
[31m[ERROR] [1775605121.727862379]: Updating ModelState: model [jackal] does not exist[0m
[33m[ WARN] [1775605121.787971061, 0.144000000]: Failed to meet update rate! Took 0.14400000000000001688[0m
[33m[ WARN] [1775605121.790648790, 0.147000000]: Failed to meet update rate! Took 0.12600000000000000089[0m
[0m[ INFO] [1775605121.724753783]: waitForService: Service [/gazebo/set_physics_properties] is now available.[0m
[1;33mWarning [parser_urdf.cc:1115][0m multiple inconsistent <gravity> exists due to fixed joint reduction overwriting previous value [true] with [false].
[1;33mWarning [parser_urdf.cc:1115][0m multiple inconsistent <gravity> exists due to fixed joint reduction overwriting previous value [false] with [true].
[31m[ERROR] [1775605122.516876896, 0.148000000]: No p gain specified for pid.  Namespace: /gazebo_ros_control/pid_gains/front_left_wheel[0m
[31m[ERROR] [1775605122.517642918, 0.148000000]: No p gain specified for pid.  Namespace: /gazebo_ros_control/pid_gains/front_right_wheel[0m
[31m[ERROR] [1775605122.518282707, 0.148000000]: No p gain specified for pid.  Namespace: /gazebo_ros_control/pid_gains/rear_left_wheel[0m
[31m[ERROR] [1775605122.518827245, 0.148000000]: No p gain specified for pid.  Namespace: /gazebo_ros_control/pid_gains/rear_right_wheel[0m
[33m[ WARN] [1775605976.448880678, 50.092000000]: Failed to meet update rate! Took 0.046000000000000006162[0m
[33m[ WARN] [1775606431.814254147, 70.861000000]: Failed to meet update rate! Took 0.055000000000000000278[0m
[Actor 0] Fixed world: 0
[Actor 0] Policy ready
[Actor 0] Loading world 0...
  [Diag Actor 0] ep=0 lidar=[10.00,10.00] goal_dist=13.19m bear=1.742rad
  [Diag Actor 0] ep=0 log_prob=-2.177  (expected -20 to -5; NaN/±inf → sigma issue)
[Actor 0] Ep    0 | World   0 |   1 steps | R_raw=  -2.0 | SR=0.00 | TIMEOUT
  Reward components: progress=+0.00  collision=+0.00  timeout=-2.00  speed=-0.01  obstacle=+0.00  time=-0.01  success=+0.00
  Normalizer: mean=-2.024 std=0.000 n=1
[Actor 0] Flushed 1 transitions → /home/gymkhana/Aneesh/penguin-barn-training-pipeline/local_buffer/actor_00_ep00000.pt
[Actor 0] Ep    1 | World   0 |  33 steps | R_raw= +16.6 | SR=0.00 | COLLISION
  Reward components: progress=+20.67  collision=-4.00  timeout=+0.00  speed=+1.15  obstacle=-0.87  time=-0.33  success=+0.00
  Normalizer: mean=0.429 std=0.974 n=34
[Actor 0] Flushed 33 transitions → /home/gymkhana/Aneesh/penguin-barn-training-pipeline/local_buffer/actor_00_ep00001.pt
[Actor 0] Ep    2 | World   0 |  82 steps | R_raw=  -7.6 | SR=0.00 | COLLISION
  Reward components: progress=-4.24  collision=-4.00  timeout=+0.00  speed=+2.42  obstacle=-0.94  time=-0.82  success=+0.00
  Normalizer: mean=0.061 std=0.934 n=116
[Actor 0] Flushed 82 transitions → /home/gymkhana/Aneesh/penguin-barn-training-pipeline/local_buffer/actor_00_ep00002.pt
[Actor 0] Ep    3 | World   0 |  48 steps | R_raw=  +4.8 | SR=0.00 | COLLISION
  Reward components: progress=+8.36  collision=-4.00  timeout=+0.00  speed=+1.47  obstacle=-0.58  time=-0.48  success=+0.00
  Normalizer: mean=0.072 std=0.932 n=164
[Actor 0] Flushed 48 transitions → /home/gymkhana/Aneesh/penguin-barn-training-pipeline/local_buffer/actor_00_ep00003.pt
[Actor 0] Ep    4 | World   0 |  19 steps | R_raw= +11.4 | SR=0.00 | COLLISION
  Reward components: progress=+15.10  collision=-4.00  timeout=+0.00  speed=+0.86  obstacle=-0.41  time=-0.19  success=+0.00
  Normalizer: mean=0.127 std=0.959 n=183
[Actor 0] Flushed 19 transitions → /home/gymkhana/Aneesh/penguin-barn-training-pipeline/local_buffer/actor_00_ep00004.pt
[Actor 0] Ep    5 | World   0 |  30 steps | R_raw= +14.8 | SR=0.00 | COLLISION
  Reward components: progress=+19.30  collision=-4.00  timeout=+0.00  speed=+1.04  obstacle=-1.22  time=-0.30  success=+0.00
  Normalizer: mean=0.178 std=0.971 n=213
[Actor 0] Flushed 30 transitions → /home/gymkhana/Aneesh/penguin-barn-training-pipeline/local_buffer/actor_00_ep00005.pt
[Actor 0] Ep    6 | World   0 |  26 steps | R_raw= +11.2 | SR=0.00 | COLLISION
  Reward components: progress=+15.53  collision=-4.00  timeout=+0.00  speed=+0.87  obstacle=-0.90  time=-0.26  success=+0.00
  Normalizer: mean=0.206 std=0.977 n=239
[Actor 0] Flushed 26 transitions → /home/gymkhana/Aneesh/penguin-barn-training-pipeline/local_buffer/actor_00_ep00006.pt
[Actor 0] Ep    7 | World   0 |  23 steps | R_raw=  +4.5 | SR=0.00 | COLLISION
  Reward components: progress=+8.18  collision=-4.00  timeout=+0.00  speed=+0.85  obstacle=-0.29  time=-0.23  success=+0.00
  Normalizer: mean=0.205 std=0.981 n=262
[Actor 0] Flushed 23 transitions → /home/gymkhana/Aneesh/penguin-barn-training-pipeline/local_buffer/actor_00_ep00007.pt
[Actor 0] Ep    8 | World   0 | 100 steps | R_raw=  -0.2 | SR=0.00 | TIMEOUT
  Reward components: progress=-1.11  collision=+0.00  timeout=-2.00  speed=+4.53  obstacle=-0.66  time=-1.00  success=+0.00
  Normalizer: mean=0.148 std=0.974 n=362
[Actor 0] Flushed 100 transitions → /home/gymkhana/Aneesh/penguin-barn-training-pipeline/local_buffer/actor_00_ep00008.pt
[Actor 0] Ep    9 | World   0 |  34 steps | R_raw= +11.8 | SR=0.00 | COLLISION
  Reward components: progress=+16.76  collision=-4.00  timeout=+0.00  speed=+0.98  obstacle=-1.64  time=-0.34  success=+0.00
  Normalizer: mean=0.165 std=0.971 n=396
[Actor 0] Flushed 34 transitions → /home/gymkhana/Aneesh/penguin-barn-training-pipeline/local_buffer/actor_00_ep00009.pt
  [Diag Actor 0] ep=10 lidar=[2.10,10.00] goal_dist=9.98m bear=0.017rad
  [Diag Actor 0] ep=10 log_prob=-9.381  (expected -20 to -5; NaN/±inf → sigma issue)
  [Diag Actor 0] ep=10 lidar=[2.09,10.00] goal_dist=9.91m bear=0.010rad
  [Diag Actor 0] ep=10 log_prob=-2.661  (expected -20 to -5; NaN/±inf → sigma issue)
  [Diag Actor 0] ep=10 lidar=[2.09,10.00] goal_dist=9.71m bear=-0.000rad
  [Diag Actor 0] ep=10 log_prob=-6.109  (expected -20 to -5; NaN/±inf → sigma issue)
  [Diag Actor 0] ep=10 lidar=[2.09,10.00] goal_dist=9.48m bear=0.030rad
  [Diag Actor 0] ep=10 log_prob=-1.082  (expected -20 to -5; NaN/±inf → sigma issue)
  [Diag Actor 0] ep=10 lidar=[2.01,10.00] goal_dist=9.28m bear=-0.058rad
  [Diag Actor 0] ep=10 log_prob=-4.253  (expected -20 to -5; NaN/±inf → sigma issue)
  [Diag Actor 0] ep=10 lidar=[1.89,10.00] goal_dist=9.14m bear=-0.078rad
  [Diag Actor 0] ep=10 log_prob=-1.483  (expected -20 to -5; NaN/±inf → sigma issue)
  [Diag Actor 0] ep=10 lidar=[1.84,10.00] goal_dist=9.08m bear=-0.178rad
  [Diag Actor 0] ep=10 log_prob=-8.082  (expected -20 to -5; NaN/±inf → sigma issue)
  [Diag Actor 0] ep=10 lidar=[1.75,10.00] goal_dist=8.97m bear=-0.209rad
  [Diag Actor 0] ep=10 log_prob=-7.836  (expected -20 to -5; NaN/±inf → sigma issue)
  [Diag Actor 0] ep=10 lidar=[1.52,10.00] goal_dist=8.70m bear=-0.222rad
  [Diag Actor 0] ep=10 log_prob=-6.225  (expected -20 to -5; NaN/±inf → sigma issue)
  [Diag Actor 0] ep=10 lidar=[1.32,10.00] goal_dist=8.46m bear=-0.219rad
  [Diag Actor 0] ep=10 log_prob=-2.668  (expected -20 to -5; NaN/±inf → sigma issue)
  [Diag Actor 0] ep=10 lidar=[1.23,10.00] goal_dist=8.33m bear=-0.199rad
  [Diag Actor 0] ep=10 log_prob=-6.170  (expected -20 to -5; NaN/±inf → sigma issue)
  [Diag Actor 0] ep=10 lidar=[1.14,10.00] goal_dist=8.20m bear=-0.206rad
  [Diag Actor 0] ep=10 log_prob=-6.242  (expected -20 to -5; NaN/±inf → sigma issue)
  [Diag Actor 0] ep=10 lidar=[1.02,10.00] goal_dist=7.98m bear=-0.294rad
  [Diag Actor 0] ep=10 log_prob=-5.020  (expected -20 to -5; NaN/±inf → sigma issue)
  [Diag Actor 0] ep=10 lidar=[0.95,10.00] goal_dist=7.88m bear=-0.404rad
  [Diag Actor 0] ep=10 log_prob=-3.597  (expected -20 to -5; NaN/±inf → sigma issue)
  [Diag Actor 0] ep=10 lidar=[0.95,10.00] goal_dist=7.88m bear=-0.279rad
  [Diag Actor 0] ep=10 log_prob=-4.359  (expected -20 to -5; NaN/±inf → sigma issue)
  [Diag Actor 0] ep=10 lidar=[0.93,10.00] goal_dist=7.82m bear=-0.217rad
  [Diag Actor 0] ep=10 log_prob=-8.387  (expected -20 to -5; NaN/±inf → sigma issue)
  [Diag Actor 0] ep=10 lidar=[0.83,10.00] goal_dist=7.64m bear=-0.231rad
  [Diag Actor 0] ep=10 log_prob=-7.104  (expected -20 to -5; NaN/±inf → sigma issue)
  [Diag Actor 0] ep=10 lidar=[0.63,10.00] goal_dist=7.45m bear=-0.240rad
  [Diag Actor 0] ep=10 log_prob=0.379  (expected -20 to -5; NaN/±inf → sigma issue)
  [Diag Actor 0] ep=10 lidar=[0.49,10.00] goal_dist=7.30m bear=-0.226rad
  [Diag Actor 0] ep=10 log_prob=2.365  (expected -20 to -5; NaN/±inf → sigma issue)
  [Diag Actor 0] ep=10 lidar=[0.35,10.00] goal_dist=7.18m bear=-0.214rad
  [Diag Actor 0] ep=10 log_prob=-4.472  (expected -20 to -5; NaN/±inf → sigma issue)
  [Diag Actor 0] ep=10 lidar=[0.31,10.00] goal_dist=7.13m bear=-0.231rad
  [Diag Actor 0] ep=10 log_prob=-0.752  (expected -20 to -5; NaN/±inf → sigma issue)
  [Diag Actor 0] ep=10 lidar=[0.30,10.00] goal_dist=7.12m bear=-0.486rad
  [Diag Actor 0] ep=10 log_prob=-6.821  (expected -20 to -5; NaN/±inf → sigma issue)
  [Diag Actor 0] ep=10 lidar=[0.29,10.00] goal_dist=7.09m bear=-0.662rad
  [Diag Actor 0] ep=10 log_prob=-4.489  (expected -20 to -5; NaN/±inf → sigma issue)
  [Diag Actor 0] ep=10 lidar=[0.27,10.00] goal_dist=7.05m bear=-0.937rad
  [Diag Actor 0] ep=10 log_prob=-5.682  (expected -20 to -5; NaN/±inf → sigma issue)
  [Diag Actor 0] ep=10 lidar=[0.23,10.00] goal_dist=7.00m bear=-1.079rad
  [Diag Actor 0] ep=10 log_prob=-0.411  (expected -20 to -5; NaN/±inf → sigma issue)
[Actor 0] Ep   10 | World   0 |  25 steps | R_raw= +10.8 | SR=0.00 | COLLISION
  Reward components: progress=+14.82  collision=-4.00  timeout=+0.00  speed=+0.93  obstacle=-0.75  time=-0.25  success=+0.00
  Normalizer: mean=0.181 std=0.977 n=421
[Actor 0] Flushed 25 transitions → /home/gymkhana/Aneesh/penguin-barn-training-pipeline/local_buffer/actor_00_ep00010.pt[33m[ WARN] [1775606791.847278329, 86.283000000]: Failed to meet update rate! Took 0.057000000000000002054[0m
[33m[ WARN] [1775607373.745585264, 112.648000000]: Failed to meet update rate! Took 0.042000000000000002609[0m
[33m[ WARN] [1775607544.209606295, 121.128000000]: Failed to meet update rate! Took 0.056000000000000001166[0m
[33m[ WARN] [1775607544.210248558, 121.128000000]: Failed to meet update rate! Took 0.042000000000000002609[0m
