>>>>>>>>>>>>>>>>>> Load world: BARN/world_228.world <<<<<<<<<<<<<<<<<<
[31mWARNING: disk usage in log directory [/home/gymkhana/.ros/log] is over 1GB.
It's recommended that you use the 'rosclean' command.[0m
xacro: in-order processing became default in ROS Melodic. You can drop the option.
the rosdep view is empty: call 'sudo rosdep init' and 'rosdep update'
[0m[ INFO] [1775397668.931135408]: Finished loading Gazebo ROS API Plugin.[0m
[0m[ INFO] [1775397668.943305152]: waitForService: Service [/gazebo/set_physics_properties] has not been advertised, waiting...[0m
Couldn't find a preferred IP via the getifaddrs() call; I'm assuming that your IP address is 127.0.0.1.  This should work for local processes, but will almost certainly not work if you have remote processes.Report to the disc-zmq development team to seek a fix.
Couldn't find a preferred IP via the getifaddrs() call; I'm assuming that your IP address is 127.0.0.1.  This should work for local processes, but will almost certainly not work if you have remote processes.Report to the disc-zmq development team to seek a fix.
Couldn't find a preferred IP via the getifaddrs() call; I'm assuming that your IP address is 127.0.0.1.  This should work for local processes, but will almost certainly not work if you have remote processes.Report to the disc-zmq development team to seek a fix.
Couldn't find a preferred IP via the getifaddrs() call; I'm assuming that your IP address is 127.0.0.1.  This should work for local processes, but will almost certainly not work if you have remote processes.Report to the disc-zmq development team to seek a fix.
Failed to create secure directory (/run/user/1000/pulse): No such file or directory
ALSA lib pcm_dmix.c:1052:(snd_pcm_dmix_open) unable to open slave
AL lib: (EE) ALCplaybackAlsa_open: Could not open playback device 'default': No such file or directory
[0m[ INFO] [1775397675.173383951]: waitForService: Service [/gazebo/set_physics_properties] is now available.[0m
[0m[ INFO] [1775397675.324758151]: Physics dynamic reconfigure ready.[0m
[1;33mWarning [parser_urdf.cc:1115][0m multiple inconsistent <gravity> exists due to fixed joint reduction overwriting previous value [true] with [false].
[1;33mWarning [parser_urdf.cc:1115][0m multiple inconsistent <gravity> exists due to fixed joint reduction overwriting previous value [false] with [true].
[31m[ERROR] [1775397676.553015497, 0.001000000]: No p gain specified for pid.  Namespace: /gazebo_ros_control/pid_gains/front_left_wheel[0m
[31m[ERROR] [1775397676.556475048, 0.001000000]: No p gain specified for pid.  Namespace: /gazebo_ros_control/pid_gains/front_right_wheel[0m
[31m[ERROR] [1775397676.557835954, 0.001000000]: No p gain specified for pid.  Namespace: /gazebo_ros_control/pid_gains/rear_left_wheel[0m
[31m[ERROR] [1775397676.560287863, 0.001000000]: No p gain specified for pid.  Namespace: /gazebo_ros_control/pid_gains/rear_right_wheel[0m
[33m[ WARN] [1775397689.204685090, 0.599000000]: Failed to meet update rate! Took 0.19900000000000001021[0m
[33m[ WARN] [1775397689.211170727, 0.600000000]: Failed to meet update rate! Took 0.18000000000000002109[0m
