>>>>>>>>>>>>>>>>>> Load world: BARN/world_168.world <<<<<<<<<<<<<<<<<<
[31mWARNING: disk usage in log directory [/home/gymkhana/.ros/log] is over 1GB.
It's recommended that you use the 'rosclean' command.[0m
xacro: in-order processing became default in ROS Melodic. You can drop the option.
the rosdep view is empty: call 'sudo rosdep init' and 'rosdep update'
[0m[ INFO] [1775397656.853832268]: Finished loading Gazebo ROS API Plugin.[0m
[0m[ INFO] [1775397656.856496669]: waitForService: Service [/gazebo/set_physics_properties] has not been advertised, waiting...[0m
Couldn't find a preferred IP via the getifaddrs() call; I'm assuming that your IP address is 127.0.0.1.  This should work for local processes, but will almost certainly not work if you have remote processes.Report to the disc-zmq development team to seek a fix.
Couldn't find a preferred IP via the getifaddrs() call; I'm assuming that your IP address is 127.0.0.1.  This should work for local processes, but will almost certainly not work if you have remote processes.Report to the disc-zmq development team to seek a fix.
Couldn't find a preferred IP via the getifaddrs() call; I'm assuming that your IP address is 127.0.0.1.  This should work for local processes, but will almost certainly not work if you have remote processes.Report to the disc-zmq development team to seek a fix.
Couldn't find a preferred IP via the getifaddrs() call; I'm assuming that your IP address is 127.0.0.1.  This should work for local processes, but will almost certainly not work if you have remote processes.Report to the disc-zmq development team to seek a fix.
Failed to create secure directory (/run/user/1000/pulse): No such file or directory
ALSA lib pcm_dmix.c:1052:(snd_pcm_dmix_open) unable to open slave
AL lib: (EE) ALCplaybackAlsa_open: Could not open playback device 'default': No such file or directory
[31m[ERROR] [1775397662.946495442, 0.003000000]: Updating ModelState: model [jackal] does not exist[0m
[31m[ERROR] [1775397662.956545921, 0.005000000]: GetModelState: model [jackal] does not exist[0m
[0m[ INFO] [1775397662.809459811]: waitForService: Service [/gazebo/set_physics_properties] is now available.[0m
[0m[ INFO] [1775397662.883637438]: Physics dynamic reconfigure ready.[0m
[1;33mWarning [parser_urdf.cc:1115][0m multiple inconsistent <gravity> exists due to fixed joint reduction overwriting previous value [true] with [false].
[1;33mWarning [parser_urdf.cc:1115][0m multiple inconsistent <gravity> exists due to fixed joint reduction overwriting previous value [false] with [true].
[31m[ERROR] [1775397664.306405615, 0.043000000]: No p gain specified for pid.  Namespace: /gazebo_ros_control/pid_gains/front_left_wheel[0m
[31m[ERROR] [1775397664.307401956, 0.043000000]: No p gain specified for pid.  Namespace: /gazebo_ros_control/pid_gains/front_right_wheel[0m
[31m[ERROR] [1775397664.308615371, 0.043000000]: No p gain specified for pid.  Namespace: /gazebo_ros_control/pid_gains/rear_left_wheel[0m
[31m[ERROR] [1775397664.309563602, 0.043000000]: No p gain specified for pid.  Namespace: /gazebo_ros_control/pid_gains/rear_right_wheel[0m
